bash arg: -p
bash arg: com.yangcong345.android.phone
bash arg: -v
bash arg: -v
bash arg: -v
bash arg: -s
bash arg: 1000
bash arg: --ignore-crashes
bash arg: --ignore-timeouts
bash arg: --ignore-security-exceptions
bash arg: --kill-process-after-error
bash arg: --pct-appswitch
bash arg: 20
bash arg: --pct-touch
bash arg: 40
bash arg: --pct-motion
bash arg: 10
bash arg: --pct-trackball
bash arg: 0
bash arg: --pct-anyevent
bash arg: 10
bash arg: --pct-flip
bash arg: 0
bash arg: --pct-pinchzoom
bash arg: 0
bash arg: --throttle
bash arg: 1000
bash arg: 1200000000
:Monkey: seed=1000 count=1200000000
:AllowPackage: com.yangcong345.android.phone
:IncludeCategory: android.intent.category.LAUNCHER
:IncludeCategory: android.intent.category.MONKEY
// Selecting main activities from category android.intent.category.LAUNCHER
//   - NOT USING main activity com.android.calendar.AllInOneActivity (from package com.android.calendar)
//   - NOT USING main activity com.android.deskclock.DeskClock (from package com.android.deskclock)
//   - NOT USING main activity com.android.gallery3d.app.GalleryActivity (from package com.android.gallery3d)
//   - NOT USING main activity com.android.settings.Settings (from package com.android.settings)
//   - NOT USING main activity com.mediatek.camera.CameraLauncher (from package com.mediatek.camera)
//   - NOT USING main activity com.yangcong345.cloud.control.PadLauncherActivity (from package com.yangcong345.cloud.launcher)
//   - NOT USING main activity com.yangcong345.cloud.toolbox.home.MainHomeActivity (from package com.yangcong345.cloud.toolbox)
//   - NOT USING main activity com.yangcong345.support.common.LauncherSchemeActivity (from package com.yangcong345.cloud.ui.launcher)
//   - NOT USING main activity com.yangcong345.pad.systemsetting.SystemSettingActivity (from package com.yangcong345.pad.systemsetting)
//   - NOT USING main activity com.yangcong345.eye.protection.LauncherActivity (from package com.yangcong345.eye.protection)
//   - NOT USING main activity com.adups.fota.GoogleOtaClient (from package com.adups.fota)
//   - NOT USING main activity com.android.calculator2.Calculator (from package com.android.calculator2)
//   - NOT USING main activity com.android.documentsui.LauncherActivity (from package com.android.documentsui)
//   - NOT USING main activity com.sprd.soundrecorder.RecorderActivity (from package com.android.soundrecorder)
//   + Using main activity com.yangcong345.main.phone.splash.SplashActivity (from package com.yangcong345.android.phone)
//   - NOT USING main activity com.alibaba.android.rimet.biz.LaunchHomeActivity (from package com.alibaba.android.rimet)
//   - NOT USING main activity com.hhdd.kada.main.ui.activity.LaunchActivity (from package com.hhdd.kadahd)
//   - NOT USING main activity org.cocos2dx.lua.SplashActivity (from package com.ihuman.pinyin)
//   - NOT USING main activity com.xueersi.parentsmeeting.modules.launch.login.LaunchActivity (from package com.xueersi.abczone)
//   - NOT USING main activity com.yangcong345.pad.market.page.HomeActivity (from package com.yangcong345.pad.market)
// Selecting main activities from category android.intent.category.MONKEY
//   - NOT USING main activity com.android.settings.Settings$RunningServicesActivity (from package com.android.settings)
//   - NOT USING main activity com.android.settings.Settings$StorageUseActivity (from package com.android.settings)
//   - NOT USING main activity com.android.launcher3.Launcher (from package com.android.launcher3)
// Seeded: 1000
// Event percentages:
//   0: 40.0%
//   1: 10.0%
//   2: -0.0%
//   3: -0.0%
//   4: -0.0%
//   5: -0.0%
//   6: 11.904762%
//   7: 7.142857%
//   8: 0.95238096%
//   9: 20.0%
//   10: -0.0%
//   11: 10.0%
:Switch: #Intent;action=android.intent.action.MAIN;category=android.intent.category.LAUNCHER;launchFlags=0x10200000;component=com.yangcong345.android.phone/com.yangcong345.main.phone.splash.SplashActivity;end
// Allowing start of Intent { act=android.intent.action.MAIN cat=[android.intent.category.LAUNCHER] cmp=com.yangcong345.android.phone/com.yangcong345.main.phone.splash.SplashActivity } in package com.yangcong345.android.phone
Sleeping for 1000 milliseconds
// Rejecting start of Intent { act=android.intent.action.VIEW dat=ycmath://padlauncher.com/homePage?position=-1 cmp=com.yangcong345.cloud.ui.launcher/com.yangcong345.support.common.LauncherSchemeActivity } in package com.yangcong345.cloud.ui.launcher
:Sending Touch (ACTION_DOWN): 0:(348.0,740.0)
:Sending Touch (ACTION_UP): 0:(348.87958,719.9431)
Sleeping for 1000 milliseconds
:Sending Touch (ACTION_DOWN): 0:(1586.0,603.0)
:Sending Touch (ACTION_MOVE): 0:(1573.4377,605.58826)
:Sending Touch (ACTION_MOVE): 0:(1558.4176,605.63165)
:Sending Touch (ACTION_MOVE): 0:(1536.1748,607.4142)
:Sending Touch (ACTION_UP): 0:(1521.7933,611.2006)
Sleeping for 1000 milliseconds
:Switch: #Intent;action=android.intent.action.MAIN;category=android.intent.category.LAUNCHER;launchFlags=0x10200000;component=com.yangcong345.android.phone/com.yangcong345.main.phone.splash.SplashActivity;end
// Allowing start of Intent { act=android.intent.action.MAIN cat=[android.intent.category.LAUNCHER] cmp=com.yangcong345.android.phone/com.yangcong345.main.phone.splash.SplashActivity } in package com.yangcong345.android.phone
Sleeping for 1000 milliseconds
// Rejecting start of Intent { act=android.intent.action.VIEW dat=ycmath://padlauncher.com/homePage?position=-1 cmp=com.yangcong345.cloud.ui.launcher/com.yangcong345.support.common.LauncherSchemeActivity } in package com.yangcong345.cloud.ui.launcher
:Sending Touch (ACTION_DOWN): 0:(1590.0,401.0)
:Sending Touch (ACTION_UP): 0:(1577.0553,406.20135)
Sleeping for 1000 milliseconds
:Sending Touch (ACTION_DOWN): 0:(1544.0,55.0)
:Sending Touch (ACTION_UP): 0:(1563.3759,57.578682)
Sleeping for 1000 milliseconds
:Sending Touch (ACTION_DOWN): 0:(818.0,1343.0)
:Sending Touch (ACTION_UP): 0:(816.9099,1333.6718)
Sleeping for 1000 milliseconds
:Sending Touch (ACTION_DOWN): 0:(1698.0,1315.0)
:Sending Touch (ACTION_UP): 0:(1700.5566,1318.0394)
Sleeping for 1000 milliseconds
:Sending Touch (ACTION_DOWN): 0:(2136.0,1239.0)
