bash arg: -p
bash arg: com.yangcong345.android.phone
bash arg: -v
bash arg: -v
bash arg: -v
bash arg: -s
bash arg: 1000
bash arg: --ignore-crashes
bash arg: --ignore-timeouts
bash arg: --ignore-security-exceptions
bash arg: --kill-process-after-error
bash arg: --pct-appswitch
bash arg: 20
bash arg: --pct-touch
bash arg: 40
bash arg: --pct-motion
bash arg: 10
bash arg: --pct-trackball
bash arg: 0
bash arg: --pct-anyevent
bash arg: 10
bash arg: --pct-flip
bash arg: 0
bash arg: --pct-pinchzoom
bash arg: 0
bash arg: --throttle
bash arg: 1000
bash arg: 1200000000
:Monkey: seed=1000 count=1200000000
:AllowPackage: com.yangcong345.android.phone
:IncludeCategory: android.intent.category.LAUNCHER
:IncludeCategory: android.intent.category.MONKEY
// Selecting main activities from category android.intent.category.LAUNCHER
//   - NOT USING main activity com.android.calendar.AllInOneActivity (from package com.android.calendar)
//   - NOT USING main activity com.android.deskclock.DeskClock (from package com.android.deskclock)
//   - NOT USING main activity com.android.gallery3d.app.GalleryActivity (from package com.android.gallery3d)
//   - NOT USING main activity com.android.settings.Settings (from package com.android.settings)
//   - NOT USING main activity com.cookiegames.smartcookie.MainActivity (from package com.cookiegames.smartcookie)
//   - NOT USING main activity com.mediatek.camera.CameraLauncher (from package com.mediatek.camera)
//   - NOT USING main activity com.yangcong345.cloud.control.PadLauncherActivity (from package com.yangcong345.cloud.launcher)
//   - NOT USING main activity com.yangcong345.cloud.toolbox.home.MainHomeActivity (from package com.yangcong345.cloud.toolbox)
//   - NOT USING main activity com.yangcong345.support.common.LauncherSchemeActivity (from package com.yangcong345.cloud.ui.launcher)
//   - NOT USING main activity com.yangcong345.pad.systemsetting.SystemSettingActivity (from package com.yangcong345.pad.systemsetting)
//   - NOT USING main activity com.google.android.apps.chrome.Main (from package org.chromium.browser)
//   - NOT USING main activity com.yangcong345.eye.protection.LauncherActivity (from package com.yangcong345.eye.protection)
//   - NOT USING main activity com.adups.fota.GoogleOtaClient (from package com.adups.fota)
//   - NOT USING main activity com.android.calculator2.Calculator (from package com.android.calculator2)
//   - NOT USING main activity com.android.documentsui.LauncherActivity (from package com.android.documentsui)
//   - NOT USING main activity com.sprd.soundrecorder.RecorderActivity (from package com.android.soundrecorder)
//   + Using main activity com.yangcong345.main.phone.splash.SplashActivity (from package com.yangcong345.android.phone)
//   - NOT USING main activity com.example.hra.activity.HomeActivity (from package com.example.hra)
//   - NOT USING main activity com.gumi.spokenenglish.activity.LogoActivity (from package com.gumi.spokenenglish)
//   - NOT USING main activity org.cocos2dx.lua.SplashActivity (from package com.hongen.app.word)
//   - NOT USING main activity com.hra.uniontest.MainActivity (from package com.hra.uniontest)
//   - NOT USING main activity com.konstant.video.debug.MainActivity (from package com.konstant.video.debug)
//   - NOT USING main activity com.ucpro.MainActivity (from package com.quark.browser)
//   - NOT USING main activity com.yangcong345.pad.market.page.HomeActivity (from package com.yangcong345.pad.market)
// Selecting main activities from category android.intent.category.MONKEY
//   - NOT USING main activity com.android.settings.Settings$RunningServicesActivity (from package com.android.settings)
//   - NOT USING main activity com.android.settings.Settings$StorageUseActivity (from package com.android.settings)
//   - NOT USING main activity com.android.launcher3.uioverrides.QuickstepLauncher (from package com.android.launcher3)
// Seeded: 1000
// Event percentages:
//   0: 40.0%
//   1: 10.0%
//   2: -0.0%
//   3: -0.0%
//   4: -0.0%
//   5: -0.0%
//   6: 11.904762%
//   7: 7.142857%
//   8: 0.95238096%
//   9: 20.0%
//   10: -0.0%
//   11: 10.0%
:Switch: #Intent;action=android.intent.action.MAIN;category=android.intent.category.LAUNCHER;launchFlags=0x10200000;component=com.yangcong345.android.phone/com.yangcong345.main.phone.splash.SplashActivity;end
// Allowing start of Intent { act=android.intent.action.MAIN cat=[android.intent.category.LAUNCHER] cmp=com.yangcong345.android.phone/com.yangcong345.main.phone.splash.SplashActivity } in package com.yangcong345.android.phone
Sleeping for 1000 milliseconds
// Rejecting start of Intent { act=android.intent.action.VIEW dat=ycmath://padlauncher.com/homePage?position=-1 cmp=com.yangcong345.cloud.ui.launcher/com.yangcong345.support.common.LauncherSchemeActivity } in package com.yangcong345.cloud.ui.launcher
:Sending Touch (ACTION_DOWN): 0:(876.0,964.0)
:Sending Touch (ACTION_UP): 0:(876.8796,943.9431)
Sleeping for 1000 milliseconds
:Sending Touch (ACTION_DOWN): 0:(690.0,1179.0)
:Sending Touch (ACTION_MOVE): 0:(677.43774,1181.5883)
:Sending Touch (ACTION_MOVE): 0:(662.41766,1181.6316)
:Sending Touch (ACTION_MOVE): 0:(640.1749,1183.4142)
:Sending Touch (ACTION_UP): 0:(625.79346,1187.2007)
Sleeping for 1000 milliseconds
:Switch: #Intent;action=android.intent.action.MAIN;category=android.intent.category.LAUNCHER;launchFlags=0x10200000;component=com.yangcong345.android.phone/com.yangcong345.main.phone.splash.SplashActivity;end
// Allowing start of Intent { act=android.intent.action.MAIN cat=[android.intent.category.LAUNCHER] cmp=com.yangcong345.android.phone/com.yangcong345.main.phone.splash.SplashActivity } in package com.yangcong345.android.phone
Sleeping for 1000 milliseconds
:Sending Touch (ACTION_DOWN): 0:(1142.0,1489.0)
:Sending Touch (ACTION_UP): 0:(1129.0553,1494.2014)
Sleeping for 1000 milliseconds
// Rejecting start of Intent { act=android.intent.action.VIEW dat=ycmath://padlauncher.com/homePage?position=-1 cmp=com.yangcong345.cloud.ui.launcher/com.yangcong345.support.common.LauncherSchemeActivity } in package com.yangcong345.cloud.ui.launcher
:Sending Touch (ACTION_DOWN): 0:(1032.0,695.0)
:Sending Touch (ACTION_UP): 0:(1051.3759,697.5787)
Sleeping for 1000 milliseconds
// Allowing start of Intent { act=android.intent.action.VIEW dat=ycmath://padsupport.com/padSystemCoursePlayerJson?from=chapterListPage&json={"position":{"chapterId":"fb8a632a-57f6-11e7-825d-67ddb94a7a49","publishId":1,"sectionId":"fc938aee-6c28-11e7-92b0-13dca28b60c4","semesterId":13,"stageId":2,"subjectId":1,"subsectionId":"fc96aa6c-6c28-11e7-92b1-7f399bce3897","topicId":"37eaece0-57f7-11e7-9139-d35a41f315a7","topicName":"有理数引入","updateTime":0},"topicDetail":{"continuityPlay":false,"coverImage":"","description":"引入视频","highLightsTags":[{"highLight":false,"name":"新素养"},{"highLight":false,"name":"课前预习"}],"id":"37eaece0-57f7-11e7-9139-d35a41f315a7","isFreeTime":false,"isShowValueGuide":false,"keyPoint":false,"name":"有理数引入","_id":"54cc72a0abc5bbb971f99bb2","pay":false,"practiceAmount":0.0,"themeId":"0b315a90-57f7-11e7-aca6-c3badc9742d1","type":"A","typeTags":[{"highLight":false,"name":"概念课"}],"video":{"addresses":[{"clarity":"high","format":"hls","id":"e3935bfe-5f10-44b8-b33a-f61e4ee4a622","index":0,"md5":"","name":"","platform":"mobile","url":"https://hls.media.yangcong345.com/high/high_02d451e7-fdb0-4535-934a-8be6401b96ea.m3u8"},{"clarity":"middle","format":"hls","id":"7f3511ba-0c5c-47f1-b344-331eaac3247f","index":0,"md5":"","name":"","platform":"mobile","url":"https://hls.media.yangcong345.com/mobileM/mobileM_02d451e7-fdb0-4535-934a-8be6401b96ea.m3u8"},{"clarity":"low","format":"hls","id":"81b8cb2c-e16e-46fd-9635-cfd33810a572","index":0,"md5":"","name":"","platform":"pc","url":"https://hls.media.yangcong345.com/mobileL/mobileL_02d451e7-fdb0-4535-934a-8be6401b96ea.m3u8"},{"clarity":"middle","format":"mp4","id":"8e36bc60-ea55-4cac-8529-81572aa7dc4b","index":0,"md5":"","name":"","platform":"pc","url":"http://private.media.yangcong345.com/mobileM/mobileM_02d451e7-fdb0-4535-934a-8be6401b96ea.mp4"},{"clarity":"middle","format":"hls","id":"126abc17-576a-4142-805c-b9767ed75102","index":0,"md5":"","name":"","platform":"pc","url":"https://hls.media.yangcong345.com/mobileM/mobileM_02d451e7-fdb0-4535-934a-8be6401b96ea.m3u8"},{"clarity":"low","format":"hls","id":"1b4866a2-c0b2-42e5-8a44-7e98e9fd00da","index":0,"md5":"","name":"","platform":"mobile","url":"https://hls.media.yangcong345.com/mobileL/mobileL_02d451e7-fdb0-4535-934a-8be6401b96ea.m3u8"},{"clarity":"high","format":"mp4","id":"34866729-111b-4a70-8f44-7e61c85b0829","index":0,"md5":"","name":"","platform":"pc","url":"http://private.media.yangcong345.com/high/high_02d451e7-fdb0-4535-934a-8be6401b96ea.mp4"},{"clarity":"high","format":"hls","id":"3c568b10-bf24-4d5c-aedf-bb299c4a5736","index":0,"md5":"","name":"","platform":"pc","url":"https://hls.media.yangcong345.com/high/high_02d451e7-fdb0-4535-934a-8be6401b96ea.m3u8"},{"clarity":"middle","format":"mp4","id":"3a9e983f-3683-4d8d-ab8a-61e9085feb51","index":0,"md5":"2dc3d7693bf2b0bdce505645ef0bc740","name":"","platform":"mobile","url":"http://private.media.yangcong345.com/mobileM/mobileM_02d451e7-fdb0-4535-934a-8be6401b96ea.mp4"},{"clarity":"high","format":"mp4","id":"88c5d412-19b4-4b39-af5e-c74e5fdb9750","index":0,"md5":"10a5472de82c65ea541f05aa803e73b9","name":"","platform":"mobile","url":"http://private.media.yangcong345.com/high/high_02d451e7-fdb0-4535-934a-8be6401b96ea.mp4"},{"clarity":"low","format":"mp4","id":"04519524-2942-11ed-93d7-6fb26cb830da","index":0,"md5":"578832512a3092c0fc5ec2b7be950faa","name":"","platform":"mobile","url":"http://private.media.yangcong345.com/mobileL/mobileL_02d451e7-fdb0-4535-934a-8be6401b96ea.mp4"}],"cover":"https://course.yangcong345.com/screenImages/b046ee47-8d6a-469c-89f2-f7f0ab569f90/26.jpg","description":"","difficulty":1,"duration":375.398,"finishTime":375.398,"goals":["1-1.1.1 判断是正数还是负数"],"head":{"addresses":[{"clarity":"high","format":"hls","id":"","md5":"","platform":"pc","url":"https://video-demo.yangcong345.com/high/high_a973d79d-ad6b-4fd0-8111-2c702d1672d5.m3u8"},{"clarity":"middle","format":"hls","id":"","md5":"","platform":"pc","url":"https://video-demo.yangcong345.com/mobileM/mobileM_a973d79d-ad6b-4fd0-8111-2c702d1672d5.m3u8"},{"clarity":"low","format":"hls","id":"","md5":"","platform":"pc","url":"https://video-demo.yangcong345.com/mobileL/mobileL_a973d79d-ad6b-4fd0-8111-2c702d1672d5.m3u8"},{"clarity":"high","format":"mp4","id":"","md5":"","platform":"pc","url":"https://video-demo.yangcong345.com/high/high_a973d79d-ad6b-4fd0-8111-2c702d1672d5.mp4"},{"clarity":"middle","format":"mp4","id":"","md5":"","platform":"pc","url":"https://video-demo.yangcong345.com/mobileM/mobileM_a973d79d-ad6b-4fd0-8111-2c702d1672d5.mp4"},{"clarity":"high","format":"hls","id":"","md5":"","platform":"mobile","url":"https://video-demo.yangcong345.com/high/high_a973d79d-ad6b-4fd0-8111-2c702d1672d5.m3u8"},{"clarity":"middle","format":"hls","id":"","md5":"","platform":"mobile","url":"https://video-demo.yangcong345.com/mobileM/mobileM_a973d79d-ad6b-4fd0-8111-2c702d1672d5.m3u8"},{"clarity":"low","format":"hls","id":"","md5":"","platform":"mobile","url":"https://video-demo.yangcong345.com/mobileL/mobileL_a973d79d-ad6b-4fd0-8111-2c702d1672d5.m3u8"},{"clarity":"high","format":"mp4","id":"","md5":"","platform":"mobile","url":"https://video-demo.yangcong345.com/high/high_a973d79d-ad6b-4fd0-8111-2c702d1672d5.mp4"},{"clarity":"middle","format":"mp4","id":"","md5":"a1b86faa51a863b4e57ded245cf94c5b","platform":"mobile","url":"https://video-demo.yangcong345.com/mobileM/mobileM_a973d79d-ad6b-4fd0-8111-2c702d1672d5.mp4"},{"clarity":"fullHigh","format":"hls","id":"","md5":"","platform":"pc","url":"https://video-demo.yangcong345.com/fullHigh/fullHigh_a973d79d-ad6b-4fd0-8111-2c702d1672d5.m3u8"},{"clarity":"fullHigh","format":"hls","id":"","md5":"","platform":"mobile","url":"https://video-demo.yangcong345.com/fullHigh/fullHigh_a973d79d-ad6b-4fd0-8111-2c702d1672d5.m3u8"}],"duration":2120},"id":"685678a4-555e-11e7-8520-3ba17491e27f","image":[],"interactions":[],"keyPoints":[{"content":"片头","id":"87e87eba-f674-11e9-90fc-3fea3cc1eee5","time":0},{"content":"知识点引入","id":"4c7b7000-da8e-11e9-a7bd-99cc8014610c","time":1},{"content":"正整数的产生","id":"e5f57a90-14bf-11e9-9c94-0715daefa80c","time":48},{"content":"运算符号的产生","id":"e66860a0-14bf-11e9-a7e0-b9d30e77a2f7","time":96},{"content":"0的产生","id":"e72f0c00-14bf-11e9-b991-a17bd091208a","time":120},{"content":"负数的产生","id":"e77d04f0-14bf-11e9-a7e0-b9d30e77a2f7","time":158},{"content":"章节介绍","id":"e7cc0f50-14bf-11e9-9c94-0715daefa80c","time":342}],"name":"有理数引入","oldTitleTime":8.004,"redirect":false,"screenshots":[],"startPosition":0.0,"subtitleId":"bbd0be55-9bfa-4579-b8cc-41ef23b0330b","subtitleUrl":"https://caption-res.yangcong345.com/bbd0be55-9bfa-4579-b8cc-41ef23b0330b.zip","thumbnail":"https://course.yangcong345.com/%E6%9C%89%E7%90%86%E6%95%B0%E7%9A%84%E5%BC%95%E5%85%A5.jpg","thumbnails":"https://video-thumbnail.yangcong345.com/image/02d451e7-fdb0-4535-934a-8be6401b96ea/images.zip","thumbnailsInterval":3,"timePoint":0.0,"titleTime":0.0,"type":"course","v":"2"},"weeklyFree":false},"userCourseNotes":{"code":0.0,"data":{"abTest":true,"abTestLab":"a","excellentVideoAddress":[],"excellentVideoId":"","excellentVideoUrl":"","notesList":[],"targetList":[],"topicVideoId":"685678a4-555e-11e7-8520-3ba17491e27f","unReadNotesNum":0.0},"msg":""},"userTopicLearnStatus":{"finished":false,"practice":{"doneLevel":0,"finished":false},"topicId":"37eaece0-57f7-11e7-9139-d35a41f315a7","video":{"duration":1.0,"finished":false,"timepoint":1.0}}}&controlVersion=1.0.0&controlSN=Q202YJTEST000011 cmp=com.yangcong345.android.phone/com.yangcong345.pad.launcher.SupportSchemeActivity } in package com.yangcong345.android.phone
:Sending Touch (ACTION_DOWN): 0:(1842.0,591.0)
:Sending Touch (ACTION_UP): 0:(1840.9099,581.67175)
Sleeping for 1000 milliseconds
// Allowing start of Intent { cmp=com.yangcong345.android.phone/com.yangcong345.video.business.player.HorizontalVideoActivity } in package com.yangcong345.android.phone
:Sending Touch (ACTION_DOWN): 0:(1058.0,387.0)
:Sending Touch (ACTION_UP): 0:(1060.5566,390.03946)
// activityResuming(com.yangcong345.android.phone)
// activityResuming(com.yangcong345.android.phone)
// activityResuming(com.yangcong345.android.phone)
Sleeping for 1000 milliseconds
:Sending Touch (ACTION_DOWN): 0:(1240.0,839.0)
:Sending Touch (ACTION_UP): 0:(1234.1241,846.88184)
Sleeping for 1000 milliseconds
:Sending Key (ACTION_DOWN): 23    // KEYCODE_DPAD_CENTER
:Sending Key (ACTION_UP): 23    // KEYCODE_DPAD_CENTER
Sleeping for 1000 milliseconds
:Sending Touch (ACTION_DOWN): 0:(1274.0,851.0)
:Sending Touch (ACTION_UP): 0:(1271.3107,860.7578)
Sleeping for 1000 milliseconds
:Sending Touch (ACTION_DOWN): 0:(1715.0,541.0)
:Sending Touch (ACTION_UP): 0:(1706.7522,539.0342)
Sleeping for 1000 milliseconds
:Sending Touch (ACTION_DOWN): 0:(1241.0,33.0)
:Sending Touch (ACTION_UP): 0:(1259.8517,41.650173)
Sleeping for 1000 milliseconds
:Sending Touch (ACTION_DOWN): 0:(1284.0,129.0)
:Sending Touch (ACTION_UP): 0:(1283.971,129.39507)
Sleeping for 1000 milliseconds
:Sending Touch (ACTION_DOWN): 0:(1179.0,1115.0)
:Sending Touch (ACTION_UP): 0:(1180.5485,1106.6091)
Sleeping for 1000 milliseconds
:Sending Touch (ACTION_DOWN): 0:(1357.0,897.0)
:Sending Touch (ACTION_UP): 0:(1355.7937,885.64685)
Sleeping for 1000 milliseconds
:Sending Key (ACTION_DOWN): 19    // KEYCODE_DPAD_UP
:Sending Key (ACTION_UP): 19    // KEYCODE_DPAD_UP
Sleeping for 1000 milliseconds
:Sending Touch (ACTION_DOWN): 0:(845.0,1018.0)
:Sending Touch (ACTION_UP): 0:(855.71545,1017.2614)
Sleeping for 1000 milliseconds
:Sending Key (ACTION_DOWN): 23    // KEYCODE_DPAD_CENTER
:Sending Key (ACTION_UP): 23    // KEYCODE_DPAD_CENTER
Sleeping for 1000 milliseconds
:Sending Key (ACTION_DOWN): 19    // KEYCODE_DPAD_UP
:Sending Key (ACTION_UP): 19    // KEYCODE_DPAD_UP
Sleeping for 1000 milliseconds
:Switch: #Intent;action=android.intent.action.MAIN;category=android.intent.category.LAUNCHER;launchFlags=0x10200000;component=com.yangcong345.android.phone/com.yangcong345.main.phone.splash.SplashActivity;end
// Allowing start of Intent { act=android.intent.action.MAIN cat=[android.intent.category.LAUNCHER] cmp=com.yangcong345.android.phone/com.yangcong345.main.phone.splash.SplashActivity } in package com.yangcong345.android.phone
Sleeping for 1000 milliseconds
// Rejecting start of Intent { act=android.intent.action.VIEW dat=ycmath://padlauncher.com/homePage?position=-1 cmp=com.yangcong345.cloud.ui.launcher/com.yangcong345.support.common.LauncherSchemeActivity } in package com.yangcong345.cloud.ui.launcher
:Sending Key (ACTION_DOWN): 23    // KEYCODE_DPAD_CENTER
:Sending Key (ACTION_UP): 23    // KEYCODE_DPAD_CENTER
Sleeping for 1000 milliseconds
:Sending Touch (ACTION_DOWN): 0:(1816.0,935.0)
:Sending Touch (ACTION_UP): 0:(1822.1869,945.45874)
Sleeping for 1000 milliseconds
:Switch: #Intent;action=android.intent.action.MAIN;category=android.intent.category.LAUNCHER;launchFlags=0x10200000;component=com.yangcong345.android.phone/com.yangcong345.main.phone.splash.SplashActivity;end
// Allowing start of Intent { act=android.intent.action.MAIN cat=[android.intent.category.LAUNCHER] cmp=com.yangcong345.android.phone/com.yangcong345.main.phone.splash.SplashActivity } in package com.yangcong345.android.phone
Sleeping for 1000 milliseconds
// Rejecting start of Intent { act=android.intent.action.VIEW dat=ycmath://padlauncher.com/homePage?position=-1 cmp=com.yangcong345.cloud.ui.launcher/com.yangcong345.support.common.LauncherSchemeActivity } in package com.yangcong345.cloud.ui.launcher
:Sending Touch (ACTION_DOWN): 0:(816.0,1625.0)
:Sending Touch (ACTION_UP): 0:(809.09515,1643.1744)
Sleeping for 1000 milliseconds
:Sending Touch (ACTION_DOWN): 0:(609.0,824.0)
:Sending Touch (ACTION_UP): 0:(611.96857,826.8418)
Sleeping for 1000 milliseconds
:Switch: #Intent;action=android.intent.action.MAIN;category=android.intent.category.LAUNCHER;launchFlags=0x10200000;component=com.yangcong345.android.phone/com.yangcong345.main.phone.splash.SplashActivity;end
// Allowing start of Intent { act=android.intent.action.MAIN cat=[android.intent.category.LAUNCHER] cmp=com.yangcong345.android.phone/com.yangcong345.main.phone.splash.SplashActivity } in package com.yangcong345.android.phone
Sleeping for 1000 milliseconds
// Rejecting start of Intent { act=android.intent.action.VIEW dat=ycmath://padlauncher.com/homePage?position=-1 cmp=com.yangcong345.cloud.ui.launcher/com.yangcong345.support.common.LauncherSchemeActivity } in package com.yangcong345.cloud.ui.launcher
:Sending Key (ACTION_DOWN): 22    // KEYCODE_DPAD_RIGHT
:Sending Key (ACTION_UP): 22    // KEYCODE_DPAD_RIGHT
Sleeping for 1000 milliseconds
:Sending Touch (ACTION_DOWN): 0:(768.0,1040.0)
:Sending Touch (ACTION_MOVE): 0:(769.8569,1029.1785)
:Sending Touch (ACTION_MOVE): 0:(772.2131,1028.9285)
:Sending Touch (ACTION_MOVE): 0:(774.7812,1016.26294)
:Sending Touch (ACTION_MOVE): 0:(776.14233,1007.3139)
:Sending Touch (ACTION_MOVE): 0:(777.0447,1000.3032)
:Sending Touch (ACTION_MOVE): 0:(778.99316,997.121)
:Sending Touch (ACTION_MOVE): 0:(780.8774,984.1754)
:Sending Touch (ACTION_UP): 0:(782.7439,979.9071)
Sleeping for 1000 milliseconds
:Sending Touch (ACTION_DOWN): 0:(1539.0,992.0)
:Sending Touch (ACTION_UP): 0:(1541.2198,998.0179)
Sleeping for 1000 milliseconds
:Sending Touch (ACTION_DOWN): 0:(1314.0,841.0)
:Sending Touch (ACTION_MOVE): 0:(1326.4132,860.19543)
:Sending Touch (ACTION_UP): 0:(1329.7832,866.00037)
Sleeping for 1000 milliseconds
:Sending Key (ACTION_DOWN): 127    // KEYCODE_MEDIA_PAUSE
:Sending Key (ACTION_UP): 127    // KEYCODE_MEDIA_PAUSE
Sleeping for 1000 milliseconds
:Sending Touch (ACTION_DOWN): 0:(1151.0,619.0)
:Sending Touch (ACTION_UP): 0:(1142.4802,610.65015)
Sleeping for 1000 milliseconds
:Sending Touch (ACTION_DOWN): 0:(642.0,213.0)
:Sending Touch (ACTION_UP): 0:(644.3137,223.142)
Sleeping for 1000 milliseconds
:Sending Key (ACTION_DOWN): 82    // KEYCODE_MENU
:Sending Key (ACTION_UP): 82    // KEYCODE_MENU
Sleeping for 1000 milliseconds
:Sending Key (ACTION_DOWN): 19    // KEYCODE_DPAD_UP
